This file contains any messages produced by compilers while
running configure, to aid debugging if configure makes a mistake.

It was created by udp_client configure v1.0, which was
generated by GNU Autoconf 2.65.  Invocation command line was

  $ ./configure 

## --------- ##
## Platform. ##
## --------- ##

hostname = ubuntu-laptop
uname -m = i686
uname -r = 2.6.32-73-generic
uname -s = Linux
uname -v = #141-Ubuntu SMP Tue Mar 10 17:15:40 UTC 2015

/usr/bin/uname -p = unknown
/bin/uname -X     = unknown

/bin/arch              = unknown
/usr/bin/arch -k       = unknown
/usr/convex/getsysinfo = unknown
/usr/bin/hostinfo      = unknown
/bin/machine           = unknown
/usr/bin/oslevel       = unknown
/bin/universe          = unknown

PATH: /home/java/jdk1.6.0_26/bin
PATH: /usr/local/sbin
PATH: /usr/local/bin
PATH: /usr/sbin
PATH: /usr/bin
PATH: /sbin
PATH: /bin
PATH: /usr/games
PATH: /opt/arm_linux_gcc/usr/bin


## ----------- ##
## Core tests. ##
## ----------- ##

configure:2146: checking for a BSD-compatible install
configure:2214: result: /usr/bin/install -c
configure:2225: checking whether build environment is sane
configure:2275: result: yes
configure:2416: checking for a thread-safe mkdir -p
configure:2455: result: /bin/mkdir -p
configure:2468: checking for gawk
configure:2484: found /usr/bin/gawk
configure:2495: result: gawk
configure:2506: checking whether make sets $(MAKE)
configure:2528: result: yes
configure:2661: checking for gcc
configure:2677: found /usr/bin/gcc
configure:2688: result: gcc
configure:2917: checking for C compiler version
configure:2926: gcc --version >&5
gcc (Ubuntu 4.4.3-4ubuntu5.1) 4.4.3
Copyright (C) 2009 Free Software Foundation, Inc.
This is free software; see the source for copying conditions.  There is NO
warranty; not even for MERCHANTABILITY or FITNESS FOR A PARTICULAR PURPOSE.

configure:2937: $? = 0
configure:2926: gcc -v >&5
Using built-in specs.
Target: i486-linux-gnu
Configured with: ../src/configure -v --with-pkgversion='Ubuntu 4.4.3-4ubuntu5.1' --with-bugurl=file:///usr/share/doc/gcc-4.4/README.Bugs --enable-languages=c,c++,fortran,objc,obj-c++ --prefix=/usr --enable-shared --enable-multiarch --enable-linker-build-id --with-system-zlib --libexecdir=/usr/lib --without-included-gettext --enable-threads=posix --with-gxx-include-dir=/usr/include/c++/4.4 --program-suffix=-4.4 --enable-nls --enable-clocale=gnu --enable-libstdcxx-debug --enable-plugin --enable-objc-gc --enable-targets=all --disable-werror --with-arch-32=i486 --with-tune=generic --enable-checking=release --build=i486-linux-gnu --host=i486-linux-gnu --target=i486-linux-gnu
Thread model: posix
gcc version 4.4.3 (Ubuntu 4.4.3-4ubuntu5.1) 
configure:2937: $? = 0
configure:2926: gcc -V >&5
gcc: '-V' option must have argument
configure:2937: $? = 1
configure:2926: gcc -qversion >&5
gcc: unrecognized option '-qversion'
gcc: no input files
configure:2937: $? = 1
configure:2957: checking whether the C compiler works
configure:2979: gcc    conftest.c  >&5
configure:2983: $? = 0
configure:3032: result: yes
configure:3035: checking for C compiler default output file name
configure:3037: result: a.out
configure:3043: checking for suffix of executables
configure:3050: gcc -o conftest    conftest.c  >&5
configure:3054: $? = 0
configure:3076: result: 
configure:3098: checking whether we are cross compiling
configure:3106: gcc -o conftest    conftest.c  >&5
configure:3110: $? = 0
configure:3117: ./conftest
configure:3121: $? = 0
configure:3136: result: no
configure:3141: checking for suffix of object files
configure:3163: gcc -c   conftest.c >&5
configure:3167: $? = 0
configure:3188: result: o
configure:3192: checking whether we are using the GNU C compiler
configure:3211: gcc -c   conftest.c >&5
configure:3211: $? = 0
configure:3220: result: yes
configure:3229: checking whether gcc accepts -g
configure:3249: gcc -c -g  conftest.c >&5
configure:3249: $? = 0
configure:3290: result: yes
configure:3307: checking for gcc option to accept ISO C89
configure:3371: gcc  -c -g -O2  conftest.c >&5
configure:3371: $? = 0
configure:3384: result: none needed
configure:3415: checking for style of include used by make
configure:3443: result: GNU
configure:3468: checking dependency style of gcc
configure:3578: result: gcc3
configure:3604: checking how to run the C preprocessor
configure:3635: gcc -E  conftest.c
configure:3635: $? = 0
configure:3649: gcc -E  conftest.c
conftest.c:11:28: error: ac_nonexistent.h: No such file or directory
configure:3649: $? = 1
configure: failed program was:
| /* confdefs.h */
| #define PACKAGE_NAME "udp_client"
| #define PACKAGE_TARNAME "udp_client"
| #define PACKAGE_VERSION "v1.0"
| #define PACKAGE_STRING "udp_client v1.0"
| #define PACKAGE_BUGREPORT "linczone@163.com"
| #define PACKAGE_URL ""
| #define PACKAGE "udp_client"
| #define VERSION "v1.0"
| /* end confdefs.h.  */
| #include <ac_nonexistent.h>
configure:3674: result: gcc -E
configure:3694: gcc -E  conftest.c
configure:3694: $? = 0
configure:3708: gcc -E  conftest.c
conftest.c:11:28: error: ac_nonexistent.h: No such file or directory
configure:3708: $? = 1
configure: failed program was:
| /* confdefs.h */
| #define PACKAGE_NAME "udp_client"
| #define PACKAGE_TARNAME "udp_client"
| #define PACKAGE_VERSION "v1.0"
| #define PACKAGE_STRING "udp_client v1.0"
| #define PACKAGE_BUGREPORT "linczone@163.com"
| #define PACKAGE_URL ""
| #define PACKAGE "udp_client"
| #define VERSION "v1.0"
| /* end confdefs.h.  */
| #include <ac_nonexistent.h>
configure:3737: checking for grep that handles long lines and -e
configure:3795: result: /bin/grep
configure:3800: checking for egrep
configure:3862: result: /bin/grep -E
configure:3867: checking for ANSI C header files
configure:3887: gcc -c -g -O2  conftest.c >&5
configure:3887: $? = 0
configure:3960: gcc -o conftest -g -O2   conftest.c  >&5
configure:3960: $? = 0
configure:3960: ./conftest
configure:3960: $? = 0
configure:3971: result: yes
configure:3984: checking for sys/types.h
configure:3984: gcc -c -g -O2  conftest.c >&5
configure:3984: $? = 0
configure:3984: result: yes
configure:3984: checking for sys/stat.h
configure:3984: gcc -c -g -O2  conftest.c >&5
configure:3984: $? = 0
configure:3984: result: yes
configure:3984: checking for stdlib.h
configure:3984: gcc -c -g -O2  conftest.c >&5
configure:3984: $? = 0
configure:3984: result: yes
configure:3984: checking for string.h
configure:3984: gcc -c -g -O2  conftest.c >&5
configure:3984: $? = 0
configure:3984: result: yes
configure:3984: checking for memory.h
configure:3984: gcc -c -g -O2  conftest.c >&5
configure:3984: $? = 0
configure:3984: result: yes
configure:3984: checking for strings.h
configure:3984: gcc -c -g -O2  conftest.c >&5
configure:3984: $? = 0
configure:3984: result: yes
configure:3984: checking for inttypes.h
configure:3984: gcc -c -g -O2  conftest.c >&5
configure:3984: $? = 0
configure:3984: result: yes
configure:3984: checking for stdint.h
configure:3984: gcc -c -g -O2  conftest.c >&5
configure:3984: $? = 0
configure:3984: result: yes
configure:3984: checking for unistd.h
configure:3984: gcc -c -g -O2  conftest.c >&5
configure:3984: $? = 0
configure:3984: result: yes
configure:4000: checking arpa/inet.h usability
configure:4000: gcc -c -g -O2  conftest.c >&5
configure:4000: $? = 0
configure:4000: result: yes
configure:4000: checking arpa/inet.h presence
configure:4000: gcc -E  conftest.c
configure:4000: $? = 0
configure:4000: result: yes
configure:4000: checking for arpa/inet.h
configure:4000: result: yes
configure:4000: checking netinet/in.h usability
configure:4000: gcc -c -g -O2  conftest.c >&5
configure:4000: $? = 0
configure:4000: result: yes
configure:4000: checking netinet/in.h presence
configure:4000: gcc -E  conftest.c
configure:4000: $? = 0
configure:4000: result: yes
configure:4000: checking for netinet/in.h
configure:4000: result: yes
configure:4000: checking for stdlib.h
configure:4000: result: yes
configure:4000: checking for string.h
configure:4000: result: yes
configure:4000: checking for strings.h
configure:4000: result: yes
configure:4000: checking sys/socket.h usability
configure:4000: gcc -c -g -O2  conftest.c >&5
configure:4000: $? = 0
configure:4000: result: yes
configure:4000: checking sys/socket.h presence
configure:4000: gcc -E  conftest.c
configure:4000: $? = 0
configure:4000: result: yes
configure:4000: checking for sys/socket.h
configure:4000: result: yes
configure:4000: checking for unistd.h
configure:4000: result: yes
configure:4015: checking for pthread_create in -lpthread
configure:4040: gcc -o conftest -g -O2   conftest.c -lpthread   >&5
configure:4040: $? = 0
configure:4049: result: yes
configure:4062: checking for readline in -lreadline
configure:4087: gcc -o conftest -g -O2   conftest.c -lreadline  -lpthread  >&5
configure:4087: $? = 0
configure:4096: result: yes
configure:4111: checking for stdlib.h
configure:4111: result: yes
configure:4121: checking for GNU libc compatible malloc
configure:4145: gcc -o conftest -g -O2   conftest.c -lreadline -lpthread  >&5
configure:4145: $? = 0
configure:4145: ./conftest
configure:4145: $? = 0
configure:4155: result: yes
configure:4179: checking for alarm
configure:4179: gcc -o conftest -g -O2   conftest.c -lreadline -lpthread  >&5
configure:4179: $? = 0
configure:4179: result: yes
configure:4179: checking for bzero
configure:4179: gcc -o conftest -g -O2   conftest.c -lreadline -lpthread  >&5
conftest.c:56: warning: conflicting types for built-in function 'bzero'
configure:4179: $? = 0
configure:4179: result: yes
configure:4179: checking for dup2
configure:4179: gcc -o conftest -g -O2   conftest.c -lreadline -lpthread  >&5
configure:4179: $? = 0
configure:4179: result: yes
configure:4179: checking for inet_ntoa
configure:4179: gcc -o conftest -g -O2   conftest.c -lreadline -lpthread  >&5
configure:4179: $? = 0
configure:4179: result: yes
configure:4179: checking for localtime_r
configure:4179: gcc -o conftest -g -O2   conftest.c -lreadline -lpthread  >&5
configure:4179: $? = 0
configure:4179: result: yes
configure:4179: checking for memset
configure:4179: gcc -o conftest -g -O2   conftest.c -lreadline -lpthread  >&5
conftest.c:60: warning: conflicting types for built-in function 'memset'
configure:4179: $? = 0
configure:4179: result: yes
configure:4179: checking for socket
configure:4179: gcc -o conftest -g -O2   conftest.c -lreadline -lpthread  >&5
configure:4179: $? = 0
configure:4179: result: yes
configure:4310: creating ./config.status

## ---------------------- ##
## Running config.status. ##
## ---------------------- ##

This file was extended by udp_client config.status v1.0, which was
generated by GNU Autoconf 2.65.  Invocation command line was

  CONFIG_FILES    = 
  CONFIG_HEADERS  = 
  CONFIG_LINKS    = 
  CONFIG_COMMANDS = 
  $ ./config.status 

on ubuntu-laptop

config.status:868: creating Makefile
config.status:868: creating config.h
config.status:1040: config.h is unchanged
config.status:1088: executing depfiles commands

## ---------------- ##
## Cache variables. ##
## ---------------- ##

ac_cv_c_compiler_gnu=yes
ac_cv_env_CC_set=
ac_cv_env_CC_value=
ac_cv_env_CFLAGS_set=
ac_cv_env_CFLAGS_value=
ac_cv_env_CPPFLAGS_set=
ac_cv_env_CPPFLAGS_value=
ac_cv_env_CPP_set=
ac_cv_env_CPP_value=
ac_cv_env_LDFLAGS_set=
ac_cv_env_LDFLAGS_value=
ac_cv_env_LIBS_set=
ac_cv_env_LIBS_value=
ac_cv_env_build_alias_set=
ac_cv_env_build_alias_value=
ac_cv_env_host_alias_set=
ac_cv_env_host_alias_value=
ac_cv_env_target_alias_set=
ac_cv_env_target_alias_value=
ac_cv_func_alarm=yes
ac_cv_func_bzero=yes
ac_cv_func_dup2=yes
ac_cv_func_inet_ntoa=yes
ac_cv_func_localtime_r=yes
ac_cv_func_malloc_0_nonnull=yes
ac_cv_func_memset=yes
ac_cv_func_socket=yes
ac_cv_header_arpa_inet_h=yes
ac_cv_header_inttypes_h=yes
ac_cv_header_memory_h=yes
ac_cv_header_netinet_in_h=yes
ac_cv_header_stdc=yes
ac_cv_header_stdint_h=yes
ac_cv_header_stdlib_h=yes
ac_cv_header_string_h=yes
ac_cv_header_strings_h=yes
ac_cv_header_sys_socket_h=yes
ac_cv_header_sys_stat_h=yes
ac_cv_header_sys_types_h=yes
ac_cv_header_unistd_h=yes
ac_cv_lib_pthread_pthread_create=yes
ac_cv_lib_readline_readline=yes
ac_cv_objext=o
ac_cv_path_EGREP='/bin/grep -E'
ac_cv_path_GREP=/bin/grep
ac_cv_path_install='/usr/bin/install -c'
ac_cv_path_mkdir=/bin/mkdir
ac_cv_prog_AWK=gawk
ac_cv_prog_CPP='gcc -E'
ac_cv_prog_ac_ct_CC=gcc
ac_cv_prog_cc_c89=
ac_cv_prog_cc_g=yes
ac_cv_prog_make_make_set=yes
am_cv_CC_dependencies_compiler_type=gcc3

## ----------------- ##
## Output variables. ##
## ----------------- ##

ACLOCAL='${SHELL} /home/works/p2p-test/missing --run aclocal-1.11'
AMDEPBACKSLASH='\'
AMDEP_FALSE='#'
AMDEP_TRUE=''
AMTAR='${SHELL} /home/works/p2p-test/missing --run tar'
AUTOCONF='${SHELL} /home/works/p2p-test/missing --run autoconf'
AUTOHEADER='${SHELL} /home/works/p2p-test/missing --run autoheader'
AUTOMAKE='${SHELL} /home/works/p2p-test/missing --run automake-1.11'
AWK='gawk'
CC='gcc'
CCDEPMODE='depmode=gcc3'
CFLAGS='-g -O2'
CPP='gcc -E'
CPPFLAGS=''
CYGPATH_W='echo'
DEFS='-DHAVE_CONFIG_H'
DEPDIR='.deps'
ECHO_C=''
ECHO_N='-n'
ECHO_T=''
EGREP='/bin/grep -E'
EXEEXT=''
GREP='/bin/grep'
INSTALL_DATA='${INSTALL} -m 644'
INSTALL_PROGRAM='${INSTALL}'
INSTALL_SCRIPT='${INSTALL}'
INSTALL_STRIP_PROGRAM='$(install_sh) -c -s'
LDFLAGS=''
LIBOBJS=''
LIBS='-lreadline -lpthread '
LTLIBOBJS=''
MAKEINFO='${SHELL} /home/works/p2p-test/missing --run makeinfo'
MKDIR_P='/bin/mkdir -p'
OBJEXT='o'
PACKAGE='udp_client'
PACKAGE_BUGREPORT='linczone@163.com'
PACKAGE_NAME='udp_client'
PACKAGE_STRING='udp_client v1.0'
PACKAGE_TARNAME='udp_client'
PACKAGE_URL=''
PACKAGE_VERSION='v1.0'
PATH_SEPARATOR=':'
SET_MAKE=''
SHELL='/bin/bash'
STRIP=''
VERSION='v1.0'
ac_ct_CC='gcc'
am__EXEEXT_FALSE=''
am__EXEEXT_TRUE='#'
am__fastdepCC_FALSE='#'
am__fastdepCC_TRUE=''
am__include='include'
am__isrc=''
am__leading_dot='.'
am__quote=''
am__tar='${AMTAR} chof - "$$tardir"'
am__untar='${AMTAR} xf -'
bindir='${exec_prefix}/bin'
build_alias=''
datadir='${datarootdir}'
datarootdir='${prefix}/share'
docdir='${datarootdir}/doc/${PACKAGE_TARNAME}'
dvidir='${docdir}'
exec_prefix='${prefix}'
host_alias=''
htmldir='${docdir}'
includedir='${prefix}/include'
infodir='${datarootdir}/info'
install_sh='${SHELL} /home/works/p2p-test/install-sh'
libdir='${exec_prefix}/lib'
libexecdir='${exec_prefix}/libexec'
localedir='${datarootdir}/locale'
localstatedir='${prefix}/var'
mandir='${datarootdir}/man'
mkdir_p='/bin/mkdir -p'
oldincludedir='/usr/include'
pdfdir='${docdir}'
prefix='/usr/local'
program_transform_name='s,x,x,'
psdir='${docdir}'
sbindir='${exec_prefix}/sbin'
sharedstatedir='${prefix}/com'
sysconfdir='${prefix}/etc'
target_alias=''

## ----------- ##
## confdefs.h. ##
## ----------- ##

/* confdefs.h */
#define PACKAGE_NAME "udp_client"
#define PACKAGE_TARNAME "udp_client"
#define PACKAGE_VERSION "v1.0"
#define PACKAGE_STRING "udp_client v1.0"
#define PACKAGE_BUGREPORT "linczone@163.com"
#define PACKAGE_URL ""
#define PACKAGE "udp_client"
#define VERSION "v1.0"
#define STDC_HEADERS 1
#define HAVE_SYS_TYPES_H 1
#define HAVE_SYS_STAT_H 1
#define HAVE_STDLIB_H 1
#define HAVE_STRING_H 1
#define HAVE_MEMORY_H 1
#define HAVE_STRINGS_H 1
#define HAVE_INTTYPES_H 1
#define HAVE_STDINT_H 1
#define HAVE_UNISTD_H 1
#define HAVE_ARPA_INET_H 1
#define HAVE_NETINET_IN_H 1
#define HAVE_STDLIB_H 1
#define HAVE_STRING_H 1
#define HAVE_STRINGS_H 1
#define HAVE_SYS_SOCKET_H 1
#define HAVE_UNISTD_H 1
#define HAVE_LIBPTHREAD 1
#define HAVE_LIBREADLINE 1
#define HAVE_STDLIB_H 1
#define HAVE_MALLOC 1
#define HAVE_ALARM 1
#define HAVE_BZERO 1
#define HAVE_DUP2 1
#define HAVE_INET_NTOA 1
#define HAVE_LOCALTIME_R 1
#define HAVE_MEMSET 1
#define HAVE_SOCKET 1

configure: exit 0
